\BOOKMARK [1][-]{section.1}{Introduction}{}% 1
\BOOKMARK [2][-]{subsection.1.1}{Methodological background}{section.1}% 2
\BOOKMARK [2][-]{subsection.1.2}{Methodological contribution of this paper}{section.1}% 3
\BOOKMARK [2][-]{subsection.1.3}{Paper structure}{section.1}% 4
\BOOKMARK [1][-]{section.2}{The bivariate probit model with endogenous predictor}{}% 5
\BOOKMARK [2][-]{subsection.2.1}{A causal interpretation of }{section.2}% 6
\BOOKMARK [2][-]{subsection.2.2}{Identification and estimation for bivariate probit models}{section.2}% 7
\BOOKMARK [1][-]{section.3}{Modular sensitivity analysis with machine learning}{}% 8
\BOOKMARK [2][-]{subsection.3.1}{Projecting the reduced form probabilities onto the causal parameters}{section.3}% 9
\BOOKMARK [1][-]{section.4}{Monotone BART for reduced form inference}{}% 10
\BOOKMARK [2][-]{subsection.4.1}{Probit BART Overview}{section.4}% 11
\BOOKMARK [2][-]{subsection.4.2}{Monotone probit BART}{section.4}% 12
\BOOKMARK [1][-]{section.5}{Empirical analysis of bankruptcy data}{}% 13
\BOOKMARK [2][-]{subsection.5.1}{Data}{section.5}% 14
\BOOKMARK [2][-]{subsection.5.2}{Sensitivity to the distribution of private information}{section.5}% 15
\BOOKMARK [2][-]{subsection.5.3}{Comparison with the E-value}{section.5}% 16
\BOOKMARK [2][-]{subsection.5.4}{Posterior Individual Inducement Effects for Specific Firms}{section.5}% 17
\BOOKMARK [2][-]{subsection.5.5}{Exploratory subgroup analysis}{section.5}% 18
\BOOKMARK [1][-]{section.6}{Simulation studies}{}% 19
\BOOKMARK [2][-]{subsection.6.1}{Comparison to bivariate probit}{section.6}% 20
\BOOKMARK [2][-]{subsection.6.2}{Sensitivity to f}{section.6}% 21
\BOOKMARK [2][-]{subsection.6.3}{Relationship with E-values: Simulations}{section.6}% 22
\BOOKMARK [2][-]{subsection.6.4}{Value of monotonicity}{section.6}% 23
\BOOKMARK [1][-]{section.7}{Discussion}{}% 24
\BOOKMARK [1][-]{section*.22}{Acknowledgements}{}% 25
\BOOKMARK [1][-]{section*.24}{References}{}% 26
